This file contains any messages produced by compilers while
running configure, to aid debugging if configure makes a mistake.

It was created by rodonea configure 0.1, which was
generated by GNU Autoconf 2.69.  Invocation command line was

  $ ./configure --host m68k

## --------- ##
## Platform. ##
## --------- ##

hostname = 4e6a9f50840d
uname -m = x86_64
uname -r = 4.15.0-106-generic
uname -s = Linux
uname -v = #107-Ubuntu SMP Thu Jun 4 11:27:52 UTC 2020

/usr/bin/uname -p = unknown
/bin/uname -X     = unknown

/bin/arch              = unknown
/usr/bin/arch -k       = unknown
/usr/convex/getsysinfo = unknown
/usr/bin/hostinfo      = unknown
/bin/machine           = unknown
/usr/bin/oslevel       = unknown
/bin/universe          = unknown

PATH: /opt/amiga/bin
PATH: /usr/local/sbin
PATH: /usr/local/bin
PATH: /usr/sbin
PATH: /usr/bin
PATH: /sbin
PATH: /bin


## ----------- ##
## Core tests. ##
## ----------- ##

configure:2131: checking for a BSD-compatible install
configure:2199: result: /usr/bin/install -c
configure:2210: checking whether build environment is sane
configure:2265: result: yes
configure:2324: checking for m68k-strip
configure:2354: result: no
configure:2364: checking for strip
configure:2394: result: no
configure:2416: checking for a thread-safe mkdir -p
configure:2455: result: /bin/mkdir -p
configure:2462: checking for gawk
configure:2492: result: no
configure:2462: checking for mawk
configure:2478: found /usr/bin/mawk
configure:2489: result: mawk
configure:2500: checking whether make sets $(MAKE)
configure:2522: result: yes
configure:2551: checking whether make supports nested variables
configure:2568: result: yes
configure:2707: checking for m68k-m68k-amigaos-gcc
configure:2737: result: no
configure:2751: checking for m68k-amigaos-gcc
configure:2767: found /opt/amiga/bin/m68k-amigaos-gcc
configure:2778: result: m68k-amigaos-gcc
configure:2809: checking for C compiler version
configure:2818: m68k-amigaos-gcc --version >&5
m68k-amigaos-gcc (GCC) 6.5.0b 191023121710
Copyright (C) 2017 Free Software Foundation, Inc.
This is free software; see the source for copying conditions.  There is NO
warranty; not even for MERCHANTABILITY or FITNESS FOR A PARTICULAR PURPOSE.

configure:2829: $? = 0
configure:2818: m68k-amigaos-gcc -v >&5
Using built-in specs.
COLLECT_GCC=m68k-amigaos-gcc
COLLECT_LTO_WRAPPER=/opt/amiga/libexec/gcc/m68k-amigaos/6.5.0b/lto-wrapper
Target: m68k-amigaos
Configured with: /root/amiga-gcc/projects/gcc/configure --prefix=/opt/amiga --target=m68k-amigaos --enable-languages=c,c++,objc --enable-version-specific-runtime-libs --disable-libssp --disable-nls --with-headers=/root/amiga-gcc/projects/newlib-cygwin/newlib/libc/sys/amigaos/include/ --disable-shared --with-stage1-ldflags='-dynamic-libgcc -dynamic-libstdc++' --with-boot-ldflags='-dynamic-libgcc -dynamic-libstdc++'
Thread model: single
gcc version 6.5.0b 191023121710 (GCC) 
configure:2829: $? = 0
configure:2818: m68k-amigaos-gcc -V >&5
m68k-amigaos-gcc: error: unrecognized command line option '-V'
m68k-amigaos-gcc: fatal error: no input files
compilation terminated.
configure:2829: $? = 1
configure:2818: m68k-amigaos-gcc -qversion >&5
m68k-amigaos-gcc: error: unrecognized command line option '-qversion'; did you mean '--version'?
m68k-amigaos-gcc: fatal error: no input files
compilation terminated.
configure:2829: $? = 1
configure:2849: checking whether the C compiler works
configure:2871: m68k-amigaos-gcc    conftest.c  >&5
configure:2875: $? = 0
configure:2923: result: yes
configure:2926: checking for C compiler default output file name
configure:2928: result: a.out
configure:2934: checking for suffix of executables
configure:2941: m68k-amigaos-gcc -o conftest    conftest.c  >&5
configure:2945: $? = 0
configure:2967: result: 
configure:2989: checking whether we are cross compiling
configure:2997: m68k-amigaos-gcc -o conftest    conftest.c  >&5
configure:3001: $? = 0
configure:3008: ./conftest
./configure: line 3010: ./conftest: cannot execute binary file: Exec format error
configure:3012: $? = 126
configure:3027: result: yes
configure:3032: checking for suffix of object files
configure:3054: m68k-amigaos-gcc -c   conftest.c >&5
configure:3058: $? = 0
configure:3079: result: o
configure:3083: checking whether we are using the GNU C compiler
configure:3102: m68k-amigaos-gcc -c   conftest.c >&5
configure:3102: $? = 0
configure:3111: result: yes
configure:3120: checking whether m68k-amigaos-gcc accepts -g
configure:3140: m68k-amigaos-gcc -c -g  conftest.c >&5
configure:3140: $? = 0
configure:3181: result: yes
configure:3198: checking for m68k-amigaos-gcc option to accept ISO C89
configure:3261: m68k-amigaos-gcc  -c -g -O2  conftest.c >&5
configure:3261: $? = 0
configure:3274: result: none needed
configure:3299: checking whether m68k-amigaos-gcc understands -c and -o together
configure:3321: m68k-amigaos-gcc -c conftest.c -o conftest2.o
configure:3324: $? = 0
configure:3321: m68k-amigaos-gcc -c conftest.c -o conftest2.o
configure:3324: $? = 0
configure:3336: result: yes
configure:3364: checking for style of include used by make
configure:3392: result: GNU
configure:3418: checking dependency style of m68k-amigaos-gcc
configure:3529: result: gcc3
configure:3557: checking how to run the C preprocessor
configure:3588: m68k-amigaos-gcc -E  conftest.c
configure:3588: $? = 0
configure:3602: m68k-amigaos-gcc -E  conftest.c
conftest.c:11:28: fatal error: ac_nonexistent.h: No such file or directory
 #include <ac_nonexistent.h>
                            ^
compilation terminated.
configure:3602: $? = 1
configure: failed program was:
| /* confdefs.h */
| #define PACKAGE_NAME "rodonea"
| #define PACKAGE_TARNAME "rodonea"
| #define PACKAGE_VERSION "0.1"
| #define PACKAGE_STRING "rodonea 0.1"
| #define PACKAGE_BUGREPORT ""
| #define PACKAGE_URL ""
| #define PACKAGE "rodonea"
| #define VERSION "0.1"
| /* end confdefs.h.  */
| #include <ac_nonexistent.h>
configure:3627: result: m68k-amigaos-gcc -E
configure:3647: m68k-amigaos-gcc -E  conftest.c
configure:3647: $? = 0
configure:3661: m68k-amigaos-gcc -E  conftest.c
conftest.c:11:28: fatal error: ac_nonexistent.h: No such file or directory
 #include <ac_nonexistent.h>
                            ^
compilation terminated.
configure:3661: $? = 1
configure: failed program was:
| /* confdefs.h */
| #define PACKAGE_NAME "rodonea"
| #define PACKAGE_TARNAME "rodonea"
| #define PACKAGE_VERSION "0.1"
| #define PACKAGE_STRING "rodonea 0.1"
| #define PACKAGE_BUGREPORT ""
| #define PACKAGE_URL ""
| #define PACKAGE "rodonea"
| #define VERSION "0.1"
| /* end confdefs.h.  */
| #include <ac_nonexistent.h>
configure:3690: checking for grep that handles long lines and -e
configure:3748: result: /bin/grep
configure:3753: checking for egrep
configure:3815: result: /bin/grep -E
configure:3820: checking for ANSI C header files
configure:3840: m68k-amigaos-gcc -c -m68000  -mcrt=nix13 -DAMIGA -Wall -Wextra -O3  conftest.c >&5
configure:3840: $? = 0
configure:3924: result: yes
configure:3937: checking for sys/types.h
configure:3937: m68k-amigaos-gcc -c -m68000  -mcrt=nix13 -DAMIGA -Wall -Wextra -O3  conftest.c >&5
configure:3937: $? = 0
configure:3937: result: yes
configure:3937: checking for sys/stat.h
configure:3937: m68k-amigaos-gcc -c -m68000  -mcrt=nix13 -DAMIGA -Wall -Wextra -O3  conftest.c >&5
configure:3937: $? = 0
configure:3937: result: yes
configure:3937: checking for stdlib.h
configure:3937: m68k-amigaos-gcc -c -m68000  -mcrt=nix13 -DAMIGA -Wall -Wextra -O3  conftest.c >&5
configure:3937: $? = 0
configure:3937: result: yes
configure:3937: checking for string.h
configure:3937: m68k-amigaos-gcc -c -m68000  -mcrt=nix13 -DAMIGA -Wall -Wextra -O3  conftest.c >&5
configure:3937: $? = 0
configure:3937: result: yes
configure:3937: checking for memory.h
configure:3937: m68k-amigaos-gcc -c -m68000  -mcrt=nix13 -DAMIGA -Wall -Wextra -O3  conftest.c >&5
configure:3937: $? = 0
configure:3937: result: yes
configure:3937: checking for strings.h
configure:3937: m68k-amigaos-gcc -c -m68000  -mcrt=nix13 -DAMIGA -Wall -Wextra -O3  conftest.c >&5
configure:3937: $? = 0
configure:3937: result: yes
configure:3937: checking for inttypes.h
configure:3937: m68k-amigaos-gcc -c -m68000  -mcrt=nix13 -DAMIGA -Wall -Wextra -O3  conftest.c >&5
configure:3937: $? = 0
configure:3937: result: yes
configure:3937: checking for stdint.h
configure:3937: m68k-amigaos-gcc -c -m68000  -mcrt=nix13 -DAMIGA -Wall -Wextra -O3  conftest.c >&5
configure:3937: $? = 0
configure:3937: result: yes
configure:3937: checking for unistd.h
configure:3937: m68k-amigaos-gcc -c -m68000  -mcrt=nix13 -DAMIGA -Wall -Wextra -O3  conftest.c >&5
configure:3937: $? = 0
configure:3937: result: yes
configure:3952: checking for stdlib.h
configure:3952: result: yes
configure:3952: checking ace/managers/key.h usability
configure:3952: m68k-amigaos-gcc -c -m68000  -mcrt=nix13 -DAMIGA -Wall -Wextra -O3  conftest.c >&5
configure:3952: $? = 0
configure:3952: result: yes
configure:3952: checking ace/managers/key.h presence
configure:3952: m68k-amigaos-gcc -E  conftest.c
configure:3952: $? = 0
configure:3952: result: yes
configure:3952: checking for ace/managers/key.h
configure:3952: result: yes
configure:3952: checking ace/managers/game.h usability
configure:3952: m68k-amigaos-gcc -c -m68000  -mcrt=nix13 -DAMIGA -Wall -Wextra -O3  conftest.c >&5
configure:3952: $? = 0
configure:3952: result: yes
configure:3952: checking ace/managers/game.h presence
configure:3952: m68k-amigaos-gcc -E  conftest.c
configure:3952: $? = 0
configure:3952: result: yes
configure:3952: checking for ace/managers/game.h
configure:3952: result: yes
configure:3952: checking ace/utils/chunky.h usability
configure:3952: m68k-amigaos-gcc -c -m68000  -mcrt=nix13 -DAMIGA -Wall -Wextra -O3  conftest.c >&5
configure:3952: $? = 0
configure:3952: result: yes
configure:3952: checking ace/utils/chunky.h presence
configure:3952: m68k-amigaos-gcc -E  conftest.c
configure:3952: $? = 0
configure:3952: result: yes
configure:3952: checking for ace/utils/chunky.h
configure:3952: result: yes
configure:3952: checking ace/managers/viewport/simplebuffer.h usability
configure:3952: m68k-amigaos-gcc -c -m68000  -mcrt=nix13 -DAMIGA -Wall -Wextra -O3  conftest.c >&5
configure:3952: $? = 0
configure:3952: result: yes
configure:3952: checking ace/managers/viewport/simplebuffer.h presence
configure:3952: m68k-amigaos-gcc -E  conftest.c
configure:3952: $? = 0
configure:3952: result: yes
configure:3952: checking for ace/managers/viewport/simplebuffer.h
configure:3952: result: yes
configure:3968: checking for library containing viewCreate
configure:3999: m68k-amigaos-gcc -o conftest -m68000  -mcrt=nix13 -DAMIGA -Wall -Wextra -O3   conftest.c  >&5
/opt/amiga/lib/gcc/m68k-amigaos/6.5.0b/../../../../m68k-amigaos/bin/ld: /tmp/cckx7x4c.o: in function `main':
/tmp/cckx7x4c.o:(.text+0x2): undefined reference to `viewCreate'
collect2: error: ld returned 1 exit status
configure:3999: $? = 1
configure: failed program was:
| /* confdefs.h */
| #define PACKAGE_NAME "rodonea"
| #define PACKAGE_TARNAME "rodonea"
| #define PACKAGE_VERSION "0.1"
| #define PACKAGE_STRING "rodonea 0.1"
| #define PACKAGE_BUGREPORT ""
| #define PACKAGE_URL ""
| #define PACKAGE "rodonea"
| #define VERSION "0.1"
| #define STDC_HEADERS 1
| #define HAVE_SYS_TYPES_H 1
| #define HAVE_SYS_STAT_H 1
| #define HAVE_STDLIB_H 1
| #define HAVE_STRING_H 1
| #define HAVE_MEMORY_H 1
| #define HAVE_STRINGS_H 1
| #define HAVE_INTTYPES_H 1
| #define HAVE_STDINT_H 1
| #define HAVE_UNISTD_H 1
| #define HAVE_STDLIB_H 1
| #define HAVE_ACE_MANAGERS_KEY_H 1
| #define HAVE_ACE_MANAGERS_GAME_H 1
| #define HAVE_ACE_UTILS_CHUNKY_H 1
| #define HAVE_ACE_MANAGERS_VIEWPORT_SIMPLEBUFFER_H 1
| /* end confdefs.h.  */
| 
| /* Override any GCC internal prototype to avoid an error.
|    Use char because int might match the return type of a GCC
|    builtin and then its argument prototype would still apply.  */
| #ifdef __cplusplus
| extern "C"
| #endif
| char viewCreate ();
| int
| main ()
| {
| return viewCreate ();
|   ;
|   return 0;
| }
configure:3999: m68k-amigaos-gcc -o conftest -m68000  -mcrt=nix13 -DAMIGA -Wall -Wextra -O3   conftest.c -lacerelease   >&5
configure:3999: $? = 0
configure:4016: result: -lacerelease
configure:4032: checking for bitmap_conv
configure:4048: found /usr/local/bin/bitmap_conv
configure:4060: result: yes
configure:4074: checking for palette_conv
configure:4090: found /usr/local/bin/palette_conv
configure:4102: result: yes
configure:4116: checking for vasmm68k_mot
configure:4132: found /opt/amiga/bin/vasmm68k_mot
configure:4144: result: vasmm68k_mot
configure:4158: checking for dd
configure:4174: found /bin/dd
configure:4186: result: yes
configure:4349: checking that generated files are newer than configure
configure:4355: result: done
configure:4378: creating ./config.status

## ---------------------- ##
## Running config.status. ##
## ---------------------- ##

This file was extended by rodonea config.status 0.1, which was
generated by GNU Autoconf 2.69.  Invocation command line was

  CONFIG_FILES    = 
  CONFIG_HEADERS  = 
  CONFIG_LINKS    = 
  CONFIG_COMMANDS = 
  $ ./config.status 

on 4e6a9f50840d

config.status:784: creating Makefile
config.status:784: creating src/Makefile
config.status:784: creating tests/Makefile
config.status:956: executing depfiles commands

## ---------------- ##
## Cache variables. ##
## ---------------- ##

ac_cv_c_compiler_gnu=yes
ac_cv_env_CC_set=
ac_cv_env_CC_value=
ac_cv_env_CFLAGS_set=
ac_cv_env_CFLAGS_value=
ac_cv_env_CPPFLAGS_set=
ac_cv_env_CPPFLAGS_value=
ac_cv_env_CPP_set=
ac_cv_env_CPP_value=
ac_cv_env_LDFLAGS_set=
ac_cv_env_LDFLAGS_value=
ac_cv_env_LIBS_set=
ac_cv_env_LIBS_value=
ac_cv_env_build_alias_set=
ac_cv_env_build_alias_value=
ac_cv_env_host_alias_set=set
ac_cv_env_host_alias_value=m68k
ac_cv_env_target_alias_set=
ac_cv_env_target_alias_value=
ac_cv_header_ace_managers_game_h=yes
ac_cv_header_ace_managers_key_h=yes
ac_cv_header_ace_managers_viewport_simplebuffer_h=yes
ac_cv_header_ace_utils_chunky_h=yes
ac_cv_header_inttypes_h=yes
ac_cv_header_memory_h=yes
ac_cv_header_stdc=yes
ac_cv_header_stdint_h=yes
ac_cv_header_stdlib_h=yes
ac_cv_header_string_h=yes
ac_cv_header_strings_h=yes
ac_cv_header_sys_stat_h=yes
ac_cv_header_sys_types_h=yes
ac_cv_header_unistd_h=yes
ac_cv_objext=o
ac_cv_path_EGREP='/bin/grep -E'
ac_cv_path_GREP=/bin/grep
ac_cv_path_install='/usr/bin/install -c'
ac_cv_path_mkdir=/bin/mkdir
ac_cv_prog_AWK=mawk
ac_cv_prog_CPP='m68k-amigaos-gcc -E'
ac_cv_prog_ac_ct_CC=m68k-amigaos-gcc
ac_cv_prog_assembler=vasmm68k_mot
ac_cv_prog_bitmap_conv=yes
ac_cv_prog_cc_c89=
ac_cv_prog_cc_g=yes
ac_cv_prog_dd=yes
ac_cv_prog_make_make_set=yes
ac_cv_prog_palette_conv=yes
ac_cv_search_viewCreate=-lacerelease
am_cv_CC_dependencies_compiler_type=gcc3
am_cv_make_support_nested_variables=yes
am_cv_prog_cc_c_o=yes

## ----------------- ##
## Output variables. ##
## ----------------- ##

ACLOCAL='${SHELL} /data/rodonea/missing aclocal-1.15'
AMDEPBACKSLASH='\'
AMDEP_FALSE='#'
AMDEP_TRUE=''
AMTAR='$${TAR-tar}'
AM_BACKSLASH='\'
AM_DEFAULT_V='$(AM_DEFAULT_VERBOSITY)'
AM_DEFAULT_VERBOSITY='1'
AM_V='$(V)'
AUTOCONF='${SHELL} /data/rodonea/missing autoconf'
AUTOHEADER='${SHELL} /data/rodonea/missing autoheader'
AUTOMAKE='${SHELL} /data/rodonea/missing automake-1.15'
AWK='mawk'
CC='m68k-amigaos-gcc'
CCDEPMODE='depmode=gcc3'
CFLAGS='-m68000  -mcrt=nix13 -DAMIGA -Wall -Wextra -O3'
CPP='m68k-amigaos-gcc -E'
CPPFLAGS=''
CYGPATH_W='echo'
DEFS='-DPACKAGE_NAME=\"rodonea\" -DPACKAGE_TARNAME=\"rodonea\" -DPACKAGE_VERSION=\"0.1\" -DPACKAGE_STRING=\"rodonea\ 0.1\" -DPACKAGE_BUGREPORT=\"\" -DPACKAGE_URL=\"\" -DPACKAGE=\"rodonea\" -DVERSION=\"0.1\" -DSTDC_HEADERS=1 -DHAVE_SYS_TYPES_H=1 -DHAVE_SYS_STAT_H=1 -DHAVE_STDLIB_H=1 -DHAVE_STRING_H=1 -DHAVE_MEMORY_H=1 -DHAVE_STRINGS_H=1 -DHAVE_INTTYPES_H=1 -DHAVE_STDINT_H=1 -DHAVE_UNISTD_H=1 -DHAVE_STDLIB_H=1 -DHAVE_ACE_MANAGERS_KEY_H=1 -DHAVE_ACE_MANAGERS_GAME_H=1 -DHAVE_ACE_UTILS_CHUNKY_H=1 -DHAVE_ACE_MANAGERS_VIEWPORT_SIMPLEBUFFER_H=1'
DEPDIR='.deps'
ECHO_C=''
ECHO_N='-n'
ECHO_T=''
EGREP='/bin/grep -E'
EXEEXT=''
GREP='/bin/grep'
INSTALL_DATA='${INSTALL} -m 644'
INSTALL_PROGRAM='${INSTALL}'
INSTALL_SCRIPT='${INSTALL}'
INSTALL_STRIP_PROGRAM='$(install_sh) -c -s'
LDFLAGS=''
LIBOBJS=''
LIBS='-lacerelease '
LTLIBOBJS=''
MAKEINFO='${SHELL} /data/rodonea/missing makeinfo'
MKDIR_P='/bin/mkdir -p'
OBJEXT='o'
PACKAGE='rodonea'
PACKAGE_BUGREPORT=''
PACKAGE_NAME='rodonea'
PACKAGE_STRING='rodonea 0.1'
PACKAGE_TARNAME='rodonea'
PACKAGE_URL=''
PACKAGE_VERSION='0.1'
PATH_SEPARATOR=':'
SET_MAKE=''
SHELL='/bin/bash'
STRIP=':'
VERSION='0.1'
ac_ct_CC='m68k-amigaos-gcc'
am__EXEEXT_FALSE=''
am__EXEEXT_TRUE='#'
am__fastdepCC_FALSE='#'
am__fastdepCC_TRUE=''
am__include='include'
am__isrc=''
am__leading_dot='.'
am__nodep='_no'
am__quote=''
am__tar='$${TAR-tar} chof - "$$tardir"'
am__untar='$${TAR-tar} xf -'
assembler='vasmm68k_mot'
bindir='${exec_prefix}/bin'
bitmap_conv='yes'
build_alias=''
datadir='${datarootdir}'
datarootdir='${prefix}/share'
dd='yes'
docdir='${datarootdir}/doc/${PACKAGE_TARNAME}'
dvidir='${docdir}'
exec_prefix='${prefix}'
host_alias='m68k'
htmldir='${docdir}'
includedir='${prefix}/include'
infodir='${datarootdir}/info'
install_sh='${SHELL} /data/rodonea/install-sh'
libdir='${exec_prefix}/lib'
libexecdir='${exec_prefix}/libexec'
localedir='${datarootdir}/locale'
localstatedir='${prefix}/var'
mandir='${datarootdir}/man'
mkdir_p='$(MKDIR_P)'
oldincludedir='/usr/include'
palette_conv='yes'
pdfdir='${docdir}'
prefix='/usr/local'
program_transform_name='s,x,x,'
psdir='${docdir}'
runstatedir='${localstatedir}/run'
sbindir='${exec_prefix}/sbin'
sharedstatedir='${prefix}/com'
sysconfdir='${prefix}/etc'
target_alias=''

## ----------- ##
## confdefs.h. ##
## ----------- ##

/* confdefs.h */
#define PACKAGE_NAME "rodonea"
#define PACKAGE_TARNAME "rodonea"
#define PACKAGE_VERSION "0.1"
#define PACKAGE_STRING "rodonea 0.1"
#define PACKAGE_BUGREPORT ""
#define PACKAGE_URL ""
#define PACKAGE "rodonea"
#define VERSION "0.1"
#define STDC_HEADERS 1
#define HAVE_SYS_TYPES_H 1
#define HAVE_SYS_STAT_H 1
#define HAVE_STDLIB_H 1
#define HAVE_STRING_H 1
#define HAVE_MEMORY_H 1
#define HAVE_STRINGS_H 1
#define HAVE_INTTYPES_H 1
#define HAVE_STDINT_H 1
#define HAVE_UNISTD_H 1
#define HAVE_STDLIB_H 1
#define HAVE_ACE_MANAGERS_KEY_H 1
#define HAVE_ACE_MANAGERS_GAME_H 1
#define HAVE_ACE_UTILS_CHUNKY_H 1
#define HAVE_ACE_MANAGERS_VIEWPORT_SIMPLEBUFFER_H 1

configure: exit 0
